<?xml version="1.0" encoding="UTF-8"?>
<!-- Generated by org.testng.reporters.JUnitReportReporter -->
<testsuite skipped="0" hostname="DESKTOP-4G432R1" name="com.epam.automation.Tests.CloudGoogleDotComTests" tests="3" failures="0" timestamp="2021-02-07T13:26:07 YEKT" time="103.678" errors="0">
  <testcase name="checkMonthlyPaymentFromForm" time="29.049" classname="com.epam.automation.Tests.CloudGoogleDotComTests"/>
  <system-out/>
  <testcase name="checkEstimateFields" time="29.720" classname="com.epam.automation.Tests.CloudGoogleDotComTests"/>
  <system-out/>
  <testcase name="checkMonthlyPaymentFromEmail" time="44.909" classname="com.epam.automation.Tests.CloudGoogleDotComTests"/>
  <system-out/>
</testsuite> <!-- com.epam.automation.Tests.CloudGoogleDotComTests -->
