<?xml version="1.0" encoding="UTF-8"?>
<!-- Generated by org.testng.reporters.JUnitReportReporter -->
<testsuite skipped="0" hostname="DESKTOP-4G432R1" name="com.epam.automation.Tests.CloudGoogleDotComTests" tests="1" failures="0" timestamp="2021-02-07T12:23:53 YEKT" time="48.840" errors="0">
  <testcase name="checkMonthlyPayment" time="48.840" classname="com.epam.automation.Tests.CloudGoogleDotComTests"/>
  <system-out/>
</testsuite> <!-- com.epam.automation.Tests.CloudGoogleDotComTests -->
