<?xml version="1.0" encoding="UTF-8"?>
<!-- Generated by org.testng.reporters.JUnitReportReporter -->
<testsuite skipped="0" hostname="DESKTOP-4G432R1" name="com.epam.automation.Tests.CloudGoogleDotComTests" tests="1" failures="0" timestamp="2021-02-07T04:25:19 YEKT" time="45.714" errors="0">
  <testcase name="checkMonthlyPayment" time="45.714" classname="com.epam.automation.Tests.CloudGoogleDotComTests"/>
  <system-out/>
</testsuite> <!-- com.epam.automation.Tests.CloudGoogleDotComTests -->
